<?xml version="1.0" encoding="UTF-8"?>
<!-- Generated by org.testng.reporters.JUnitReportReporter -->
<testsuite skipped="0" hostname="DESKTOP-3UQ4SG0" name="com.class01.DifferentAnnotations" tests="1" failures="0" timestamp="2020-05-19T19:49:11 EDT" time="0.010" errors="0">
  <testcase name="test" time="0.010" classname="com.class01.DifferentAnnotations"/>
  <system-out/>
</testsuite> <!-- com.class01.DifferentAnnotations -->
