<?xml version="1.0" encoding="UTF-8"?>
<!-- Generated by org.testng.reporters.JUnitReportReporter -->
<testsuite skipped="1" hostname="DESKTOP-3UQ4SG0" name="com.class02.TaskOne" tests="5" failures="0" timestamp="2020-05-27T22:28:48 EDT" time="0.004" errors="0">
  <testcase name="fourthMethod" time="0.001" classname="com.class02.TaskOne"/>
  <system-out/>
  <testcase name="thirdMethod" time="0.001" classname="com.class02.TaskOne"/>
  <system-out/>
  <testcase name="secondMethod" time="0.001" classname="com.class02.TaskOne"/>
  <system-out/>
  <testcase name="firstMethod" time="0.001" classname="com.class02.TaskOne"/>
  <system-out/>
  <testcase name="firstMethod1" classname="com.class02.TaskOne">
    <skipped/>
  </testcase> <!-- firstMethod1 -->
  <system-out/>
</testsuite> <!-- com.class02.TaskOne -->
