<?xml version="1.0" encoding="UTF-8"?>
<!-- Generated by org.testng.reporters.JUnitReportReporter -->
<testsuite skipped="0" hostname="DESKTOP-3UQ4SG0" name="com.class01.TaskTwo" tests="3" failures="0" timestamp="2020-05-20T07:13:17 EDT" time="0.016" errors="0">
  <testcase name="test2" time="0.004" classname="com.class01.TaskTwo"/>
  <system-out/>
  <testcase name="test3" time="0.004" classname="com.class01.TaskTwo"/>
  <system-out/>
  <testcase name="test1" time="0.008" classname="com.class01.TaskTwo"/>
  <system-out/>
</testsuite> <!-- com.class01.TaskTwo -->
