<?xml version="1.0" encoding="UTF-8"?>
<!-- Generated by org.testng.reporters.JUnitReportReporter -->
<testsuite skipped="0" hostname="DESKTOP-3UQ4SG0" name="com.class01.TaskTwo" tests="2" failures="0" timestamp="2020-05-19T20:10:53 EDT" time="0.009" errors="0">
  <testcase name="test1" time="0.008" classname="com.class01.TaskTwo"/>
  <system-out/>
  <testcase name="test2" time="0.001" classname="com.class01.TaskTwo"/>
  <system-out/>
</testsuite> <!-- com.class01.TaskTwo -->
