<?xml version="1.0" encoding="UTF-8"?>
<!-- Generated by org.testng.reporters.JUnitReportReporter -->
<testsuite skipped="0" hostname="DESKTOP-3UQ4SG0" name="com.class01.TestNGDemo" tests="3" failures="0" timestamp="2020-05-20T06:52:48 EDT" time="0.009" errors="0">
  <testcase name="testThree" time="0.001" classname="com.class01.TestNGDemo"/>
  <system-out/>
  <testcase name="testOne" time="0.007" classname="com.class01.TestNGDemo"/>
  <system-out/>
  <testcase name="testTwo" time="0.001" classname="com.class01.TestNGDemo"/>
  <system-out/>
</testsuite> <!-- com.class01.TestNGDemo -->
